# JRE version: Java(TM) SE Runtime Environment (7.0_55-b13) (build 1.7.0_55-b13)
# Java VM: Java HotSpot(TM) 64-Bit Server VM (24.55-b03 mixed mode linux-amd64 compressed oops)
Heap
 PSYoungGen      total 141312K, used 41127K [0x00000007d7000000, 0x00000007e0900000, 0x0000000800000000)
  eden space 126976K, 27% used [0x00000007d7000000,0x00000007d91c7eb8,0x00000007dec00000)
  from space 14336K, 45% used [0x00000007dfb00000,0x00000007e0162030,0x00000007e0900000)
  to   space 14848K, 0% used [0x00000007dec00000,0x00000007dec00000,0x00000007dfa80000)
 ParOldGen       total 83968K, used 17389K [0x0000000785000000, 0x000000078a200000, 0x00000007d7000000)
  object space 83968K, 20% used [0x0000000785000000,0x00000007860fb648,0x000000078a200000)
 PSPermGen       total 21504K, used 15113K [0x000000077fe00000, 0x0000000781300000, 0x0000000785000000)
  object space 21504K, 70% used [0x000000077fe00000,0x0000000780cc2598,0x0000000781300000)
GC Heap History (10 events):
Event: 0,935 GC heap before
{Heap before GC invocations=2 (full 0):
 PSYoungGen      total 36864K, used 35672K [0x00000007d7000000, 0x00000007d9900000, 0x0000000800000000)
  eden space 31744K, 100% used [0x00000007d7000000,0x00000007d8f00000,0x00000007d8f00000)
  from space 5120K, 76% used [0x00000007d8f00000,0x00000007d92d60d0,0x00000007d9400000)
  to   space 5120K, 0% used [0x00000007d9400000,0x00000007d9400000,0x00000007d9900000)
 ParOldGen       total 83968K, used 8K [0x0000000785000000, 0x000000078a200000, 0x00000007d7000000)
  object space 83968K, 0% used [0x0000000785000000,0x0000000785002000,0x000000078a200000)
 PSPermGen       total 21504K, used 9055K [0x000000077fe00000, 0x0000000781300000, 0x0000000785000000)
  object space 21504K, 42% used [0x000000077fe00000,0x00000007806d7d78,0x0000000781300000)
Event: 0,939 GC heap after
Heap after GC invocations=2 (full 0):
 PSYoungGen      total 36864K, used 5093K [0x00000007d7000000, 0x00000007d9900000, 0x0000000800000000)
  eden space 31744K, 0% used [0x00000007d7000000,0x00000007d7000000,0x00000007d8f00000)
  from space 5120K, 99% used [0x00000007d9400000,0x00000007d98f94b8,0x00000007d9900000)
  to   space 5120K, 0% used [0x00000007d8f00000,0x00000007d8f00000,0x00000007d9400000)
 ParOldGen       total 83968K, used 320K [0x0000000785000000, 0x000000078a200000, 0x00000007d7000000)
  object space 83968K, 0% used [0x0000000785000000,0x0000000785050000,0x000000078a200000)
 PSPermGen       total 21504K, used 9055K [0x000000077fe00000, 0x0000000781300000, 0x0000000785000000)
  object space 21504K, 42% used [0x000000077fe00000,0x00000007806d7d78,0x0000000781300000)
}
Event: 1,350 GC heap before
{Heap before GC invocations=3 (full 0):
 PSYoungGen      total 36864K, used 36837K [0x00000007d7000000, 0x00000007d9900000, 0x0000000800000000)
  eden space 31744K, 100% used [0x00000007d7000000,0x00000007d8f00000,0x00000007d8f00000)
  from space 5120K, 99% used [0x00000007d9400000,0x00000007d98f94b8,0x00000007d9900000)
  to   space 5120K, 0% used [0x00000007d8f00000,0x00000007d8f00000,0x00000007d9400000)
 ParOldGen       total 83968K, used 320K [0x0000000785000000, 0x000000078a200000, 0x00000007d7000000)
  object space 83968K, 0% used [0x0000000785000000,0x0000000785050000,0x000000078a200000)
 PSPermGen       total 21504K, used 10749K [0x000000077fe00000, 0x0000000781300000, 0x0000000785000000)
  object space 21504K, 49% used [0x000000077fe00000,0x000000078087f748,0x0000000781300000)
Event: 1,357 GC heap after
Heap after GC invocations=3 (full 0):
 PSYoungGen      total 36864K, used 5115K [0x00000007d7000000, 0x00000007db800000, 0x0000000800000000)
  eden space 31744K, 0% used [0x00000007d7000000,0x00000007d7000000,0x00000007d8f00000)
  from space 5120K, 99% used [0x00000007d8f00000,0x00000007d93feda0,0x00000007d9400000)
  to   space 5120K, 0% used [0x00000007db300000,0x00000007db300000,0x00000007db800000)
 ParOldGen       total 83968K, used 3307K [0x0000000785000000, 0x000000078a200000, 0x00000007d7000000)
  object space 83968K, 3% used [0x0000000785000000,0x000000078533ad98,0x000000078a200000)
 PSPermGen       total 21504K, used 10749K [0x000000077fe00000, 0x0000000781300000, 0x0000000785000000)
  object space 21504K, 49% used [0x000000077fe00000,0x000000078087f748,0x0000000781300000)
}
Event: 1,580 GC heap before
{Heap before GC invocations=4 (full 0):
 PSYoungGen      total 36864K, used 36859K [0x00000007d7000000, 0x00000007db800000, 0x0000000800000000)
  eden space 31744K, 100% used [0x00000007d7000000,0x00000007d8f00000,0x00000007d8f00000)
  from space 5120K, 99% used [0x00000007d8f00000,0x00000007d93feda0,0x00000007d9400000)
  to   space 5120K, 0% used [0x00000007db300000,0x00000007db300000,0x00000007db800000)
 ParOldGen       total 83968K, used 3307K [0x0000000785000000, 0x000000078a200000, 0x00000007d7000000)
  object space 83968K, 3% used [0x0000000785000000,0x000000078533ad98,0x000000078a200000)
 PSPermGen       total 21504K, used 11769K [0x000000077fe00000, 0x0000000781300000, 0x0000000785000000)
  object space 21504K, 54% used [0x000000077fe00000,0x000000078097e648,0x0000000781300000)
Event: 1,587 GC heap after
Heap after GC invocations=4 (full 0):
 PSYoungGen      total 68608K, used 5105K [0x00000007d7000000, 0x00000007db800000, 0x0000000800000000)
  eden space 63488K, 0% used [0x00000007d7000000,0x00000007d7000000,0x00000007dae00000)
  from space 5120K, 99% used [0x00000007db300000,0x00000007db7fc6a0,0x00000007db800000)
  to   space 5120K, 0% used [0x00000007dae00000,0x00000007dae00000,0x00000007db300000)
 ParOldGen       total 83968K, used 10453K [0x0000000785000000, 0x000000078a200000, 0x00000007d7000000)
  object space 83968K, 12% used [0x0000000785000000,0x0000000785a35510,0x000000078a200000)
 PSPermGen       total 21504K, used 11769K [0x000000077fe00000, 0x0000000781300000, 0x0000000785000000)
  object space 21504K, 54% used [0x000000077fe00000,0x000000078097e648,0x0000000781300000)
}
Event: 2,234 GC heap before
{Heap before GC invocations=5 (full 0):
 PSYoungGen      total 68608K, used 68593K [0x00000007d7000000, 0x00000007db800000, 0x0000000800000000)
  eden space 63488K, 100% used [0x00000007d7000000,0x00000007dae00000,0x00000007dae00000)
  from space 5120K, 99% used [0x00000007db300000,0x00000007db7fc6a0,0x00000007db800000)
  to   space 5120K, 0% used [0x00000007dae00000,0x00000007dae00000,0x00000007db300000)
 ParOldGen       total 83968K, used 10453K [0x0000000785000000, 0x000000078a200000, 0x00000007d7000000)
  object space 83968K, 12% used [0x0000000785000000,0x0000000785a35510,0x000000078a200000)
 PSPermGen       total 21504K, used 13117K [0x000000077fe00000, 0x0000000781300000, 0x0000000785000000)
  object space 21504K, 60% used [0x000000077fe00000,0x0000000780acf4b0,0x0000000781300000)
Event: 2,245 GC heap after
Heap after GC invocations=5 (full 0):
 PSYoungGen      total 68608K, used 5106K [0x00000007d7000000, 0x00000007e0a00000, 0x0000000800000000)
  eden space 63488K, 0% used [0x00000007d7000000,0x00000007d7000000,0x00000007dae00000)
  from space 5120K, 99% used [0x00000007dae00000,0x00000007db2fc880,0x00000007db300000)
  to   space 15360K, 0% used [0x00000007dfb00000,0x00000007dfb00000,0x00000007e0a00000)
 ParOldGen       total 83968K, used 17389K [0x0000000785000000, 0x000000078a200000, 0x00000007d7000000)
  object space 83968K, 20% used [0x0000000785000000,0x00000007860fb648,0x000000078a200000)
 PSPermGen       total 21504K, used 13117K [0x000000077fe00000, 0x0000000781300000, 0x0000000785000000)
  object space 21504K, 60% used [0x000000077fe00000,0x0000000780acf4b0,0x0000000781300000)
}
Event: 7,911 GC heap before
{Heap before GC invocations=6 (full 0):
 PSYoungGen      total 68608K, used 68594K [0x00000007d7000000, 0x00000007e0a00000, 0x0000000800000000)
  eden space 63488K, 100% used [0x00000007d7000000,0x00000007dae00000,0x00000007dae00000)
  from space 5120K, 99% used [0x00000007dae00000,0x00000007db2fc880,0x00000007db300000)
  to   space 15360K, 0% used [0x00000007dfb00000,0x00000007dfb00000,0x00000007e0a00000)
 ParOldGen       total 83968K, used 17389K [0x0000000785000000, 0x000000078a200000, 0x00000007d7000000)
  object space 83968K, 20% used [0x0000000785000000,0x00000007860fb648,0x000000078a200000)
 PSPermGen       total 21504K, used 14564K [0x000000077fe00000, 0x0000000781300000, 0x0000000785000000)
  object space 21504K, 67% used [0x000000077fe00000,0x0000000780c39048,0x0000000781300000)
Event: 7,918 GC heap after
Heap after GC invocations=6 (full 0):
 PSYoungGen      total 141312K, used 6536K [0x00000007d7000000, 0x00000007e0900000, 0x0000000800000000)
  eden space 126976K, 0% used [0x00000007d7000000,0x00000007d7000000,0x00000007dec00000)
  from space 14336K, 45% used [0x00000007dfb00000,0x00000007e0162030,0x00000007e0900000)
  to   space 14848K, 0% used [0x00000007dec00000,0x00000007dec00000,0x00000007dfa80000)
 ParOldGen       total 83968K, used 17389K [0x0000000785000000, 0x000000078a200000, 0x00000007d7000000)
  object space 83968K, 20% used [0x0000000785000000,0x00000007860fb648,0x000000078a200000)
 PSPermGen       total 21504K, used 14564K [0x000000077fe00000, 0x0000000781300000, 0x0000000785000000)
  object space 21504K, 67% used [0x000000077fe00000,0x0000000780c39048,0x0000000781300000)
}

