# JRE version: Java(TM) SE Runtime Environment (7.0_55-b13) (build 1.7.0_55-b13)
# Java VM: Java HotSpot(TM) 64-Bit Server VM (24.55-b03 mixed mode linux-amd64 compressed oops)
Heap
 PSYoungGen      total 141312K, used 55448K [0x00000007d7000000, 0x00000007e0900000, 0x0000000800000000)
  eden space 126976K, 38% used [0x00000007d7000000,0x00000007d9fe5918,0x00000007dec00000)
  from space 14336K, 44% used [0x00000007dfb00000,0x00000007e01409f0,0x00000007e0900000)
  to   space 14848K, 0% used [0x00000007dec00000,0x00000007dec00000,0x00000007dfa80000)
 ParOldGen       total 83968K, used 17265K [0x0000000785000000, 0x000000078a200000, 0x00000007d7000000)
  object space 83968K, 20% used [0x0000000785000000,0x00000007860dc7a0,0x000000078a200000)
 PSPermGen       total 21504K, used 15688K [0x000000077fe00000, 0x0000000781300000, 0x0000000785000000)
  object space 21504K, 72% used [0x000000077fe00000,0x0000000780d523b0,0x0000000781300000)
GC Heap History (10 events):
Event: 0,797 GC heap before
{Heap before GC invocations=2 (full 0):
 PSYoungGen      total 36864K, used 35679K [0x00000007d7000000, 0x00000007d9900000, 0x0000000800000000)
  eden space 31744K, 100% used [0x00000007d7000000,0x00000007d8f00000,0x00000007d8f00000)
  from space 5120K, 76% used [0x00000007d8f00000,0x00000007d92d7d18,0x00000007d9400000)
  to   space 5120K, 0% used [0x00000007d9400000,0x00000007d9400000,0x00000007d9900000)
 ParOldGen       total 83968K, used 8K [0x0000000785000000, 0x000000078a200000, 0x00000007d7000000)
  object space 83968K, 0% used [0x0000000785000000,0x0000000785002000,0x000000078a200000)
 PSPermGen       total 21504K, used 9055K [0x000000077fe00000, 0x0000000781300000, 0x0000000785000000)
  object space 21504K, 42% used [0x000000077fe00000,0x00000007806d7d78,0x0000000781300000)
Event: 0,801 GC heap after
Heap after GC invocations=2 (full 0):
 PSYoungGen      total 36864K, used 5109K [0x00000007d7000000, 0x00000007db800000, 0x0000000800000000)
  eden space 31744K, 0% used [0x00000007d7000000,0x00000007d7000000,0x00000007d8f00000)
  from space 5120K, 99% used [0x00000007d9400000,0x00000007d98fd6b0,0x00000007d9900000)
  to   space 5120K, 0% used [0x00000007d8f00000,0x00000007d8f00000,0x00000007d9400000)
 ParOldGen       total 83968K, used 359K [0x0000000785000000, 0x000000078a200000, 0x00000007d7000000)
  object space 83968K, 0% used [0x0000000785000000,0x0000000785059cf8,0x000000078a200000)
 PSPermGen       total 21504K, used 9055K [0x000000077fe00000, 0x0000000781300000, 0x0000000785000000)
  object space 21504K, 42% used [0x000000077fe00000,0x00000007806d7d78,0x0000000781300000)
}
Event: 1,164 GC heap before
{Heap before GC invocations=3 (full 0):
 PSYoungGen      total 36864K, used 36853K [0x00000007d7000000, 0x00000007db800000, 0x0000000800000000)
  eden space 31744K, 100% used [0x00000007d7000000,0x00000007d8f00000,0x00000007d8f00000)
  from space 5120K, 99% used [0x00000007d9400000,0x00000007d98fd6b0,0x00000007d9900000)
  to   space 5120K, 0% used [0x00000007d8f00000,0x00000007d8f00000,0x00000007d9400000)
 ParOldGen       total 83968K, used 359K [0x0000000785000000, 0x000000078a200000, 0x00000007d7000000)
  object space 83968K, 0% used [0x0000000785000000,0x0000000785059cf8,0x000000078a200000)
 PSPermGen       total 21504K, used 10750K [0x000000077fe00000, 0x0000000781300000, 0x0000000785000000)
  object space 21504K, 49% used [0x000000077fe00000,0x000000078087f8f8,0x0000000781300000)
Event: 1,169 GC heap after
Heap after GC invocations=3 (full 0):
 PSYoungGen      total 36864K, used 5108K [0x00000007d7000000, 0x00000007db800000, 0x0000000800000000)
  eden space 31744K, 0% used [0x00000007d7000000,0x00000007d7000000,0x00000007d8f00000)
  from space 5120K, 99% used [0x00000007d8f00000,0x00000007d93fd288,0x00000007d9400000)
  to   space 5120K, 0% used [0x00000007db300000,0x00000007db300000,0x00000007db800000)
 ParOldGen       total 83968K, used 3335K [0x0000000785000000, 0x000000078a200000, 0x00000007d7000000)
  object space 83968K, 3% used [0x0000000785000000,0x0000000785341c98,0x000000078a200000)
 PSPermGen       total 21504K, used 10750K [0x000000077fe00000, 0x0000000781300000, 0x0000000785000000)
  object space 21504K, 49% used [0x000000077fe00000,0x000000078087f8f8,0x0000000781300000)
}
Event: 1,421 GC heap before
{Heap before GC invocations=4 (full 0):
 PSYoungGen      total 36864K, used 36852K [0x00000007d7000000, 0x00000007db800000, 0x0000000800000000)
  eden space 31744K, 100% used [0x00000007d7000000,0x00000007d8f00000,0x00000007d8f00000)
  from space 5120K, 99% used [0x00000007d8f00000,0x00000007d93fd288,0x00000007d9400000)
  to   space 5120K, 0% used [0x00000007db300000,0x00000007db300000,0x00000007db800000)
 ParOldGen       total 83968K, used 3335K [0x0000000785000000, 0x000000078a200000, 0x00000007d7000000)
  object space 83968K, 3% used [0x0000000785000000,0x0000000785341c98,0x000000078a200000)
 PSPermGen       total 21504K, used 11769K [0x000000077fe00000, 0x0000000781300000, 0x0000000785000000)
  object space 21504K, 54% used [0x000000077fe00000,0x000000078097e7f8,0x0000000781300000)
Event: 1,427 GC heap after
Heap after GC invocations=4 (full 0):
 PSYoungGen      total 68608K, used 5113K [0x00000007d7000000, 0x00000007db800000, 0x0000000800000000)
  eden space 63488K, 0% used [0x00000007d7000000,0x00000007d7000000,0x00000007dae00000)
  from space 5120K, 99% used [0x00000007db300000,0x00000007db7fe540,0x00000007db800000)
  to   space 5120K, 0% used [0x00000007dae00000,0x00000007dae00000,0x00000007db300000)
 ParOldGen       total 83968K, used 10445K [0x0000000785000000, 0x000000078a200000, 0x00000007d7000000)
  object space 83968K, 12% used [0x0000000785000000,0x0000000785a33400,0x000000078a200000)
 PSPermGen       total 21504K, used 11769K [0x000000077fe00000, 0x0000000781300000, 0x0000000785000000)
  object space 21504K, 54% used [0x000000077fe00000,0x000000078097e7f8,0x0000000781300000)
}
Event: 2,083 GC heap before
{Heap before GC invocations=5 (full 0):
 PSYoungGen      total 68608K, used 68601K [0x00000007d7000000, 0x00000007db800000, 0x0000000800000000)
  eden space 63488K, 100% used [0x00000007d7000000,0x00000007dae00000,0x00000007dae00000)
  from space 5120K, 99% used [0x00000007db300000,0x00000007db7fe540,0x00000007db800000)
  to   space 5120K, 0% used [0x00000007dae00000,0x00000007dae00000,0x00000007db300000)
 ParOldGen       total 83968K, used 10445K [0x0000000785000000, 0x000000078a200000, 0x00000007d7000000)
  object space 83968K, 12% used [0x0000000785000000,0x0000000785a33400,0x000000078a200000)
 PSPermGen       total 21504K, used 13371K [0x000000077fe00000, 0x0000000781300000, 0x0000000785000000)
  object space 21504K, 62% used [0x000000077fe00000,0x0000000780b0ef88,0x0000000781300000)
Event: 2,093 GC heap after
Heap after GC invocations=5 (full 0):
 PSYoungGen      total 68608K, used 5089K [0x00000007d7000000, 0x00000007e0a00000, 0x0000000800000000)
  eden space 63488K, 0% used [0x00000007d7000000,0x00000007d7000000,0x00000007dae00000)
  from space 5120K, 99% used [0x00000007dae00000,0x00000007db2f8470,0x00000007db300000)
  to   space 15360K, 0% used [0x00000007dfb00000,0x00000007dfb00000,0x00000007e0a00000)
 ParOldGen       total 83968K, used 17265K [0x0000000785000000, 0x000000078a200000, 0x00000007d7000000)
  object space 83968K, 20% used [0x0000000785000000,0x00000007860dc7a0,0x000000078a200000)
 PSPermGen       total 21504K, used 13371K [0x000000077fe00000, 0x0000000781300000, 0x0000000785000000)
  object space 21504K, 62% used [0x000000077fe00000,0x0000000780b0ef88,0x0000000781300000)
}
Event: 7,806 GC heap before
{Heap before GC invocations=6 (full 0):
 PSYoungGen      total 68608K, used 68577K [0x00000007d7000000, 0x00000007e0a00000, 0x0000000800000000)
  eden space 63488K, 100% used [0x00000007d7000000,0x00000007dae00000,0x00000007dae00000)
  from space 5120K, 99% used [0x00000007dae00000,0x00000007db2f8470,0x00000007db300000)
  to   space 15360K, 0% used [0x00000007dfb00000,0x00000007dfb00000,0x00000007e0a00000)
 ParOldGen       total 83968K, used 17265K [0x0000000785000000, 0x000000078a200000, 0x00000007d7000000)
  object space 83968K, 20% used [0x0000000785000000,0x00000007860dc7a0,0x000000078a200000)
 PSPermGen       total 21504K, used 14590K [0x000000077fe00000, 0x0000000781300000, 0x0000000785000000)
  object space 21504K, 67% used [0x000000077fe00000,0x0000000780c3f9a8,0x0000000781300000)
Event: 7,811 GC heap after
Heap after GC invocations=6 (full 0):
 PSYoungGen      total 141312K, used 6402K [0x00000007d7000000, 0x00000007e0900000, 0x0000000800000000)
  eden space 126976K, 0% used [0x00000007d7000000,0x00000007d7000000,0x00000007dec00000)
  from space 14336K, 44% used [0x00000007dfb00000,0x00000007e01409f0,0x00000007e0900000)
  to   space 14848K, 0% used [0x00000007dec00000,0x00000007dec00000,0x00000007dfa80000)
 ParOldGen       total 83968K, used 17265K [0x0000000785000000, 0x000000078a200000, 0x00000007d7000000)
  object space 83968K, 20% used [0x0000000785000000,0x00000007860dc7a0,0x000000078a200000)
 PSPermGen       total 21504K, used 14590K [0x000000077fe00000, 0x0000000781300000, 0x0000000785000000)
  object space 21504K, 67% used [0x000000077fe00000,0x0000000780c3f9a8,0x0000000781300000)
}

